{"C:\\Users\\dardi\\Desktop\\mini-carrito-ci\\src\\app.js": {"path":"C:\\Users\\dardi\\Desktop\\mini-carrito-ci\\src\\app.js","statementMap":{"0":{"start":{"line":1,"column":16},"end":{"line":1,"column":34}},"1":{"start":{"line":2,"column":19},"end":{"line":2,"column":49}},"2":{"start":{"line":4,"column":12},"end":{"line":4,"column":21}},"3":{"start":{"line":6,"column":0},"end":{"line":6,"column":24}},"4":{"start":{"line":7,"column":0},"end":{"line":7,"column":29}},"5":{"start":{"line":9,"column":0},"end":{"line":9,"column":21}}},"fnMap":{},"branchMap":{},"s":{"0":2,"1":2,"2":2,"3":2,"4":2,"5":2},"f":{},"b":{},"_coverageSchema":"1a1c01bbd47fc00a2c39e90264f33305004495a9","hash":"a77cc7030f5e3af6a381223b1141cfdf9a55abca"}
,"C:\\Users\\dardi\\Desktop\\mini-carrito-ci\\src\\controllers\\cartController.js": {"path":"C:\\Users\\dardi\\Desktop\\mini-carrito-ci\\src\\controllers\\cartController.js","statementMap":{"0":{"start":{"line":1,"column":13},"end":{"line":1,"column":15}},"1":{"start":{"line":3,"column":16},"end":{"line":5,"column":1}},"2":{"start":{"line":4,"column":2},"end":{"line":4,"column":29}},"3":{"start":{"line":8,"column":18},"end":{"line":19,"column":1}},"4":{"start":{"line":9,"column":36},"end":{"line":9,"column":44}},"5":{"start":{"line":11,"column":2},"end":{"line":13,"column":3}},"6":{"start":{"line":12,"column":4},"end":{"line":12,"column":62}},"7":{"start":{"line":15,"column":18},"end":{"line":15,"column":43}},"8":{"start":{"line":16,"column":2},"end":{"line":16,"column":21}},"9":{"start":{"line":18,"column":2},"end":{"line":18,"column":32}},"10":{"start":{"line":22,"column":23},"end":{"line":32,"column":1}},"11":{"start":{"line":23,"column":13},"end":{"line":23,"column":36}},"12":{"start":{"line":25,"column":2},"end":{"line":27,"column":3}},"13":{"start":{"line":26,"column":4},"end":{"line":26,"column":69}},"14":{"start":{"line":29,"column":2},"end":{"line":29,"column":21}},"15":{"start":{"line":31,"column":2},"end":{"line":31,"column":49}},"16":{"start":{"line":35,"column":17},"end":{"line":41,"column":1}},"17":{"start":{"line":36,"column":16},"end":{"line":38,"column":7}},"18":{"start":{"line":37,"column":4},"end":{"line":37,"column":44}},"19":{"start":{"line":40,"column":2},"end":{"line":40,"column":22}},"20":{"start":{"line":44,"column":18},"end":{"line":46,"column":1}},"21":{"start":{"line":45,"column":2},"end":{"line":45,"column":18}},"22":{"start":{"line":49,"column":0},"end":{"line":55,"column":2}}},"fnMap":{"0":{"name":"(anonymous_0)","decl":{"start":{"line":3,"column":16},"end":{"line":3,"column":17}},"loc":{"start":{"line":3,"column":30},"end":{"line":5,"column":1}},"line":3},"1":{"name":"(anonymous_1)","decl":{"start":{"line":8,"column":18},"end":{"line":8,"column":19}},"loc":{"start":{"line":8,"column":32},"end":{"line":19,"column":1}},"line":8},"2":{"name":"(anonymous_2)","decl":{"start":{"line":22,"column":23},"end":{"line":22,"column":24}},"loc":{"start":{"line":22,"column":37},"end":{"line":32,"column":1}},"line":22},"3":{"name":"(anonymous_3)","decl":{"start":{"line":35,"column":17},"end":{"line":35,"column":18}},"loc":{"start":{"line":35,"column":31},"end":{"line":41,"column":1}},"line":35},"4":{"name":"(anonymous_4)","decl":{"start":{"line":36,"column":28},"end":{"line":36,"column":29}},"loc":{"start":{"line":36,"column":43},"end":{"line":38,"column":3}},"line":36},"5":{"name":"(anonymous_5)","decl":{"start":{"line":44,"column":18},"end":{"line":44,"column":19}},"loc":{"start":{"line":44,"column":24},"end":{"line":46,"column":1}},"line":44}},"branchMap":{"0":{"loc":{"start":{"line":11,"column":2},"end":{"line":13,"column":3}},"type":"if","locations":[{"start":{"line":11,"column":2},"end":{"line":13,"column":3}},{"start":{},"end":{}}],"line":11},"1":{"loc":{"start":{"line":11,"column":6},"end":{"line":11,"column":34}},"type":"binary-expr","locations":[{"start":{"line":11,"column":6},"end":{"line":11,"column":11}},{"start":{"line":11,"column":15},"end":{"line":11,"column":21}},{"start":{"line":11,"column":25},"end":{"line":11,"column":34}}],"line":11},"2":{"loc":{"start":{"line":25,"column":2},"end":{"line":27,"column":3}},"type":"if","locations":[{"start":{"line":25,"column":2},"end":{"line":27,"column":3}},{"start":{},"end":{}}],"line":25},"3":{"loc":{"start":{"line":25,"column":6},"end":{"line":25,"column":33}},"type":"binary-expr","locations":[{"start":{"line":25,"column":6},"end":{"line":25,"column":12}},{"start":{"line":25,"column":16},"end":{"line":25,"column":33}}],"line":25}},"s":{"0":2,"1":2,"2":7,"3":2,"4":10,"5":10,"6":2,"7":8,"8":8,"9":8,"10":2,"11":4,"12":4,"13":1,"14":3,"15":3,"16":2,"17":2,"18":1,"19":2,"20":2,"21":15,"22":2},"f":{"0":7,"1":10,"2":4,"3":2,"4":1,"5":15},"b":{"0":[2,8],"1":[10,8,8],"2":[1,3],"3":[4,4]},"_coverageSchema":"1a1c01bbd47fc00a2c39e90264f33305004495a9","hash":"a6d082483ef092f589ea9ec3cecf0c49cddebc58"}
,"C:\\Users\\dardi\\Desktop\\mini-carrito-ci\\src\\routes\\cartRoutes.js": {"path":"C:\\Users\\dardi\\Desktop\\mini-carrito-ci\\src\\routes\\cartRoutes.js","statementMap":{"0":{"start":{"line":1,"column":16},"end":{"line":1,"column":34}},"1":{"start":{"line":2,"column":15},"end":{"line":2,"column":31}},"2":{"start":{"line":4,"column":13},"end":{"line":4,"column":53}},"3":{"start":{"line":7,"column":0},"end":{"line":7,"column":30}},"4":{"start":{"line":8,"column":0},"end":{"line":8,"column":33}},"5":{"start":{"line":9,"column":0},"end":{"line":9,"column":43}},"6":{"start":{"line":10,"column":0},"end":{"line":10,"column":36}},"7":{"start":{"line":12,"column":0},"end":{"line":12,"column":24}}},"fnMap":{},"branchMap":{},"s":{"0":2,"1":2,"2":2,"3":2,"4":2,"5":2,"6":2,"7":2},"f":{},"b":{},"_coverageSchema":"1a1c01bbd47fc00a2c39e90264f33305004495a9","hash":"1a1ea66eccf2af616d02068a70c744a59942d0be"}
}
