TN:
SF:src\app.js
FNF:0
FNH:0
DA:1,1
DA:2,1
DA:4,1
DA:6,1
DA:7,1
DA:9,1
LF:6
LH:6
BRF:0
BRH:0
end_of_record
TN:
SF:src\controllers\cartController.js
FN:3,(anonymous_0)
FN:7,(anonymous_1)
FN:27,(anonymous_2)
FN:29,(anonymous_3)
FN:33,(anonymous_4)
FN:34,(anonymous_5)
FN:38,(anonymous_6)
FNF:7
FNH:7
FNDA:5,(anonymous_0)
FNDA:7,(anonymous_1)
FNDA:2,(anonymous_2)
FNDA:2,(anonymous_3)
FNDA:2,(anonymous_4)
FNDA:1,(anonymous_5)
FNDA:10,(anonymous_6)
DA:1,1
DA:3,1
DA:4,5
DA:7,1
DA:9,7
DA:11,7
DA:12,1
DA:15,6
DA:22,6
DA:24,6
DA:27,1
DA:28,2
DA:29,2
DA:30,2
DA:33,1
DA:34,2
DA:35,2
DA:38,1
DA:39,10
LF:19
LH:19
BRDA:11,0,0,1
BRDA:11,0,1,6
BRDA:11,1,0,7
BRDA:11,1,1,6
BRDA:11,1,2,6
BRF:5
BRH:5
end_of_record
TN:
SF:src\routes\cartRoutes.js
FNF:0
FNH:0
DA:1,1
DA:2,1
DA:4,1
DA:6,1
DA:7,1
DA:8,1
DA:9,1
DA:11,1
LF:8
LH:8
BRF:0
BRH:0
end_of_record
