TN:
SF:src\app.js
FNF:0
FNH:0
DA:1,2
DA:2,2
DA:4,2
DA:6,2
DA:7,2
DA:9,2
LF:6
LH:6
BRF:0
BRH:0
end_of_record
TN:
SF:src\controllers\cartController.js
FN:3,(anonymous_0)
FN:8,(anonymous_1)
FN:22,(anonymous_2)
FN:35,(anonymous_3)
FN:36,(anonymous_4)
FN:44,(anonymous_5)
FNF:6
FNH:6
FNDA:7,(anonymous_0)
FNDA:10,(anonymous_1)
FNDA:4,(anonymous_2)
FNDA:2,(anonymous_3)
FNDA:1,(anonymous_4)
FNDA:15,(anonymous_5)
DA:1,2
DA:3,2
DA:4,7
DA:8,2
DA:9,10
DA:11,10
DA:12,2
DA:15,8
DA:16,8
DA:18,8
DA:22,2
DA:23,4
DA:25,4
DA:26,1
DA:29,3
DA:31,3
DA:35,2
DA:36,2
DA:37,1
DA:40,2
DA:44,2
DA:45,15
DA:49,2
LF:23
LH:23
BRDA:11,0,0,2
BRDA:11,0,1,8
BRDA:11,1,0,10
BRDA:11,1,1,8
BRDA:11,1,2,8
BRDA:25,2,0,1
BRDA:25,2,1,3
BRDA:25,3,0,4
BRDA:25,3,1,4
BRF:9
BRH:9
end_of_record
TN:
SF:src\routes\cartRoutes.js
FNF:0
FNH:0
DA:1,2
DA:2,2
DA:4,2
DA:7,2
DA:8,2
DA:9,2
DA:10,2
DA:12,2
LF:8
LH:8
BRF:0
BRH:0
end_of_record
